app/build/intermediates/manifest_merge_blame_file/debug/manifest-merger-blame-debug-report.txt
1<?xml version="1.0" encoding="utf-8"?>
2<manifest xmlns:android="http://schemas.android.com/apk/res/android"
3    package="com.example.myapplication"
4    android:versionCode="1"
5    android:versionName="1.0" >
6
7    <uses-sdk
8        android:minSdkVersion="14"
8-->src\main\AndroidManifest.xml
9        android:targetSdkVersion="29" />
9-->src\main\AndroidManifest.xml
10
11    <uses-permission android:name="android.permission.BLUETOOTH" />
11-->src\main\AndroidManifest.xml:6:5-68
11-->src\main\AndroidManifest.xml:6:22-65
12    <uses-permission android:name="android.permission.BLUETOOTH_ADMIN" />
12-->src\main\AndroidManifest.xml:7:5-74
12-->src\main\AndroidManifest.xml:7:22-71
13    <uses-permission android:name="android.permission.INTERNET" />
13-->src\main\AndroidManifest.xml:8:5-67
13-->src\main\AndroidManifest.xml:8:22-64
14    <uses-permission android:name="android.permission.ACCESS_NETWORK_STATE" />
14-->src\main\AndroidManifest.xml:9:5-79
14-->src\main\AndroidManifest.xml:9:22-76
15    <uses-permission android:name="android.permission.WRITE_EXTERNAL_STORAGE" />
15-->src\main\AndroidManifest.xml:10:5-81
15-->src\main\AndroidManifest.xml:10:22-78
16    <uses-permission android:name="android.permission.ACCESS_WIFI_STATE" />
16-->src\main\AndroidManifest.xml:11:5-76
16-->src\main\AndroidManifest.xml:11:22-73
17    <uses-permission android:name="android.permission.ACCESS_FINE_LOCATION" />
17-->src\main\AndroidManifest.xml:12:5-79
17-->src\main\AndroidManifest.xml:12:22-76
18    <uses-permission android:name="android.permission.ACCESS_COARSE_LOCATION" />
18-->src\main\AndroidManifest.xml:13:5-81
18-->src\main\AndroidManifest.xml:13:22-78
19    <uses-permission android:name="android.permission.CAMERA" />
19-->src\main\AndroidManifest.xml:14:5-65
19-->src\main\AndroidManifest.xml:14:22-62
20    <uses-permission android:name="android.permission.WRITE_EXTERNAL_STORAGE" />
20-->src\main\AndroidManifest.xml:10:5-81
20-->src\main\AndroidManifest.xml:10:22-78
21    <uses-permission
21-->src\main\AndroidManifest.xml:16:5-19:44
22        android:name="android.permission.FLASHLIGHT"
22-->src\main\AndroidManifest.xml:17:9-53
23        android:permissionGroup="android.permission-group.HARDWARE_CONTROLS"
23-->src\main\AndroidManifest.xml:18:9-77
24        android:protectionLevel="normal" />
24-->src\main\AndroidManifest.xml:19:9-41
25
26    <uses-feature android:name="android.hardware.camera.flash" />
26-->src\main\AndroidManifest.xml:21:5-66
26-->src\main\AndroidManifest.xml:21:19-63
27    <uses-feature
27-->src\main\AndroidManifest.xml:22:5-24:35
28        android:name="android.hardware.sensor.accelerometer"
28-->src\main\AndroidManifest.xml:23:9-61
29        android:required="true" />
29-->src\main\AndroidManifest.xml:24:9-32
30    <uses-feature android:name="android.hardware.location.gps" />
30-->src\main\AndroidManifest.xml:25:5-66
30-->src\main\AndroidManifest.xml:25:19-63
31    <uses-feature android:name="android.hardware.camera" />
31-->src\main\AndroidManifest.xml:26:5-60
31-->src\main\AndroidManifest.xml:26:19-57
32
33    <application
33-->src\main\AndroidManifest.xml:28:5-104:19
34        android:allowBackup="true"
34-->src\main\AndroidManifest.xml:29:9-35
35        android:appComponentFactory="androidx.core.app.CoreComponentFactory"
35-->[androidx.core:core:1.1.0] AndroidManifest.xml:24:18-86
36        android:debuggable="true"
37        android:icon="@mipmap/ic_launcher"
37-->src\main\AndroidManifest.xml:30:9-43
38        android:label="@string/app_name"
38-->src\main\AndroidManifest.xml:31:9-41
39        android:roundIcon="@mipmap/ic_launcher_round"
39-->src\main\AndroidManifest.xml:32:9-54
40        android:supportsRtl="true"
40-->src\main\AndroidManifest.xml:33:9-35
41        android:testOnly="true"
42        android:theme="@style/AppTheme"
42-->src\main\AndroidManifest.xml:34:9-40
43        android:usesCleartextTraffic="true" >
43-->src\main\AndroidManifest.xml:35:9-44
44        <activity android:name="com.example.myapplication.SOS" />
44-->src\main\AndroidManifest.xml:36:9-50
44-->src\main\AndroidManifest.xml:36:19-38
45        <activity android:name="com.example.myapplication.MyCameraActivity" />
45-->src\main\AndroidManifest.xml:37:9-54
45-->src\main\AndroidManifest.xml:37:19-51
46        <activity
46-->src\main\AndroidManifest.xml:38:9-40:54
47            android:name="com.example.myapplication.CompassActivity"
47-->src\main\AndroidManifest.xml:39:13-44
48            android:screenOrientation="fullSensor" />
48-->src\main\AndroidManifest.xml:40:13-51
49        <activity android:name="com.example.myapplication.LocationActivity" />
49-->src\main\AndroidManifest.xml:41:9-54
49-->src\main\AndroidManifest.xml:41:19-51
50        <activity
50-->src\main\AndroidManifest.xml:42:9-46:56
51            android:name="com.example.myapplication.SensorActivity"
51-->src\main\AndroidManifest.xml:43:13-43
52            android:label="Lab3"
52-->src\main\AndroidManifest.xml:44:13-33
53            android:screenOrientation="portrait" />
53-->src\main\AndroidManifest.xml:45:13-49
54        <activity android:name="com.example.myapplication.Serveractivity2" />
54-->src\main\AndroidManifest.xml:47:9-53
54-->src\main\AndroidManifest.xml:47:19-50
55        <activity android:name="com.example.myapplication.ProgressActivity" />
55-->src\main\AndroidManifest.xml:48:9-54
55-->src\main\AndroidManifest.xml:48:19-51
56
57        <receiver android:name="com.example.myapplication.UserChoiceReceiver" >
57-->src\main\AndroidManifest.xml:50:9-54:20
57-->src\main\AndroidManifest.xml:50:19-53
58            <intent-filter>
58-->src\main\AndroidManifest.xml:51:13-53:29
59                <action android:name="com.example.rockpaperscissor.BTMSG_INTENT" />
59-->src\main\AndroidManifest.xml:52:17-84
59-->src\main\AndroidManifest.xml:52:25-81
60            </intent-filter>
61        </receiver>
62
63        <activity
63-->src\main\AndroidManifest.xml:56:9-68:20
64            android:name="com.example.myapplication.LogIn"
64-->src\main\AndroidManifest.xml:57:13-34
65            android:label="@string/app_name" >
65-->src\main\AndroidManifest.xml:58:13-45
66
67            <!--
68        <intent-filter>
69                <action android:name="android.intent.action.MAIN" />
70
71                <category android:name="android.intent.category.LAUNCHER" />
72            </intent-filter>
73        !
74            -->
75        </activity>
76        <activity
76-->src\main\AndroidManifest.xml:69:9-71:51
77            android:name="com.example.myapplication.SingleMultiChoiceActivity"
77-->src\main\AndroidManifest.xml:70:13-54
78            android:label="Choose playing mode" />
78-->src\main\AndroidManifest.xml:71:13-48
79        <activity
79-->src\main\AndroidManifest.xml:72:9-74:45
80            android:name="com.example.myapplication.PlayerChoice"
80-->src\main\AndroidManifest.xml:73:13-41
81            android:label="Make a choice" />
81-->src\main\AndroidManifest.xml:74:13-42
82        <activity
82-->src\main\AndroidManifest.xml:75:9-77:46
83            android:name="com.example.myapplication.PlayerChoiceDisplay"
83-->src\main\AndroidManifest.xml:76:13-48
84            android:label="Choice display" />
84-->src\main\AndroidManifest.xml:77:13-43
85        <activity
85-->src\main\AndroidManifest.xml:78:9-80:43
86            android:name="com.example.myapplication.GameResult"
86-->src\main\AndroidManifest.xml:79:13-39
87            android:label="Game Result" />
87-->src\main\AndroidManifest.xml:80:13-40
88        <activity
88-->src\main\AndroidManifest.xml:81:9-83:42
89            android:name="com.example.myapplication.PlayerStatistics"
89-->src\main\AndroidManifest.xml:82:13-45
90            android:label="Statistics" />
90-->src\main\AndroidManifest.xml:83:13-39
91        <activity
91-->src\main\AndroidManifest.xml:84:9-88:59
92            android:name="com.example.myapplication.DeviceListActivity"
92-->src\main\AndroidManifest.xml:85:13-47
93            android:configChanges="orientation|keyboardHidden"
93-->src\main\AndroidManifest.xml:86:13-63
94            android:label="Select your friend&apos;s device"
94-->src\main\AndroidManifest.xml:87:13-61
95            android:theme="@android:style/Theme.Dialog" />
95-->src\main\AndroidManifest.xml:88:13-56
96        <activity
96-->src\main\AndroidManifest.xml:89:9-91:48
97            android:name="com.example.myapplication.BluetoothChat"
97-->src\main\AndroidManifest.xml:90:13-42
98            android:label="Pick your friend" />
98-->src\main\AndroidManifest.xml:91:13-45
99        <activity android:name="com.example.myapplication.ForthActivity" />
99-->src\main\AndroidManifest.xml:92:9-51
99-->src\main\AndroidManifest.xml:92:19-48
100        <activity android:name="com.example.myapplication.ZeroActivity" >
100-->src\main\AndroidManifest.xml:93:9-99:20
100-->src\main\AndroidManifest.xml:93:19-47
101            <intent-filter>
101-->src\main\AndroidManifest.xml:94:13-98:29
102                <category android:name="android.intent.category.LAUNCHER" />
102-->src\main\AndroidManifest.xml:95:17-77
102-->src\main\AndroidManifest.xml:95:27-74
103
104                <action android:name="android.intent.action.MAIN" />
104-->src\main\AndroidManifest.xml:97:17-69
104-->src\main\AndroidManifest.xml:97:25-66
105            </intent-filter>
106        </activity>
107        <activity android:name="com.example.myapplication.FirstActivity" />
107-->src\main\AndroidManifest.xml:100:9-51
107-->src\main\AndroidManifest.xml:100:19-48
108        <activity android:name="com.example.myapplication.SecondActivity" />
108-->src\main\AndroidManifest.xml:101:9-52
108-->src\main\AndroidManifest.xml:101:19-49
109        <activity android:name="com.example.myapplication.ThirdActivity" />
109-->src\main\AndroidManifest.xml:102:9-51
109-->src\main\AndroidManifest.xml:102:19-48
110        <activity android:name="com.example.myapplication.ServerActivity" />
110-->src\main\AndroidManifest.xml:103:9-52
110-->src\main\AndroidManifest.xml:103:19-49
111    </application>
112
113</manifest>